[debug] [2020-07-18T14:49:02.766Z] ----------------------------------------------------------------------
[debug] [2020-07-18T14:49:02.768Z] Command:       C:\Program Files\nodejs\node.exe C:\Program Files\nodejs\node_modules\firebase-tools\lib\bin\firebase.js serve
[debug] [2020-07-18T14:49:02.768Z] CLI Version:   8.6.0
[debug] [2020-07-18T14:49:02.768Z] Platform:      win32
[debug] [2020-07-18T14:49:02.768Z] Node Version:  v12.16.3
[debug] [2020-07-18T14:49:02.769Z] Time:          Sat Jul 18 2020 10:49:02 GMT-0400 (Eastern Daylight Time)
[debug] [2020-07-18T14:49:02.770Z] ----------------------------------------------------------------------
[debug] [2020-07-18T14:49:02.770Z] 
[debug] [2020-07-18T14:49:02.777Z] > command requires scopes: ["email","openid","https://www.googleapis.com/auth/cloudplatformprojects.readonly","https://www.googleapis.com/auth/firebase","https://www.googleapis.com/auth/cloud-platform"]
[debug] [2020-07-18T14:49:02.777Z] > authorizing via signed-in user
[debug] [2020-07-18T14:49:02.777Z] [iam] checking project supplant-44e15 for permissions ["firebase.projects.get"]
[debug] [2020-07-18T14:49:02.780Z] >>> HTTP REQUEST POST https://cloudresourcemanager.googleapis.com/v1/projects/supplant-44e15:testIamPermissions  
 {"permissions":["firebase.projects.get"]}
[debug] [2020-07-18T14:49:03.198Z] <<< HTTP RESPONSE 200 {"content-type":"application/json; charset=UTF-8","vary":"X-Origin, Referer, Origin,Accept-Encoding","date":"Sat, 18 Jul 2020 14:49:03 GMT","server":"ESF","cache-control":"private","x-xss-protection":"0","x-frame-options":"SAMEORIGIN","x-content-type-options":"nosniff","server-timing":"gfet4t7; dur=263","alt-svc":"h3-29=\":443\"; ma=2592000,h3-27=\":443\"; ma=2592000,h3-25=\":443\"; ma=2592000,h3-T050=\":443\"; ma=2592000,h3-Q050=\":443\"; ma=2592000,h3-Q046=\":443\"; ma=2592000,h3-Q043=\":443\"; ma=2592000,quic=\":443\"; ma=2592000; v=\"46,43\"","accept-ranges":"none","transfer-encoding":"chunked"}
[debug] [2020-07-18T14:49:03.200Z] >>> HTTP REQUEST GET https://firebase.googleapis.com/v1beta1/projects/supplant-44e15  
 
[debug] [2020-07-18T14:49:03.586Z] <<< HTTP RESPONSE 200 {"content-type":"application/json; charset=UTF-8","vary":"X-Origin, Referer, Origin,Accept-Encoding","date":"Sat, 18 Jul 2020 14:49:04 GMT","server":"ESF","cache-control":"private","x-xss-protection":"0","x-frame-options":"SAMEORIGIN","x-content-type-options":"nosniff","alt-svc":"h3-29=\":443\"; ma=2592000,h3-27=\":443\"; ma=2592000,h3-25=\":443\"; ma=2592000,h3-T050=\":443\"; ma=2592000,h3-Q050=\":443\"; ma=2592000,h3-Q046=\":443\"; ma=2592000,h3-Q043=\":443\"; ma=2592000,quic=\":443\"; ma=2592000; v=\"46,43\"","accept-ranges":"none","transfer-encoding":"chunked"}
[info] 
[info] === Serving from 'C:\Data\SetHacksMobile'...
[info] 
[warn] !  Your requested "node" version "10" doesn't match your global version "12" {"metadata":{"emulator":{"name":"functions"},"message":"Your requested \"node\" version \"10\" doesn't match your global version \"12\""}}
[info] i  functions: Watching "C:\Data\SetHacksMobile\functions" for Cloud Functions... {"metadata":{"emulator":{"name":"functions"},"message":"Watching \"C:\\Data\\SetHacksMobile\\functions\" for Cloud Functions..."}}
[debug] [2020-07-18T14:49:05.626Z] [worker-pool] addWorker(~diagnostic~) {"metadata":{"emulator":{"name":"functions"},"message":"[worker-pool] addWorker(~diagnostic~)"}}
[debug] [2020-07-18T14:49:05.627Z] [worker-pool] Adding worker with key ~diagnostic~, total=1 {"metadata":{"emulator":{"name":"functions"},"message":"[worker-pool] Adding worker with key ~diagnostic~, total=1"}}
[debug] [2020-07-18T14:49:05.627Z] [worker-pool] submitWork(triggerId=) {"metadata":{"emulator":{"name":"functions"},"message":"[worker-pool] submitWork(triggerId=)"}}
[debug] [2020-07-18T14:49:05.628Z] [worker-~diagnostic~-b1cc21e7-2706-4335-ab85-a0368dccaf1a]: Assigning socketPath: \\?\pipe\C:\Data\SetHacksMobile\functions\17636 {"metadata":{"emulator":{"name":"functions"},"message":"[worker-~diagnostic~-b1cc21e7-2706-4335-ab85-a0368dccaf1a]: Assigning socketPath: \\\\?\\pipe\\C:\\Data\\SetHacksMobile\\functions\\17636"}}
[debug] [2020-07-18T14:49:05.628Z] [worker-~diagnostic~-b1cc21e7-2706-4335-ab85-a0368dccaf1a]: BUSY {"metadata":{"emulator":{"name":"functions"},"message":"[worker-~diagnostic~-b1cc21e7-2706-4335-ab85-a0368dccaf1a]: BUSY"}}
[debug] [2020-07-18T14:49:06.030Z] [runtime-status] [17636] Functions runtime initialized. {"cwd":"C:\\Data\\SetHacksMobile\\functions","node_version":"12.16.3"} {"metadata":{"emulator":{"name":"functions"},"message":"[runtime-status] [17636] Functions runtime initialized. {\"cwd\":\"C:\\\\Data\\\\SetHacksMobile\\\\functions\",\"node_version\":\"12.16.3\"}"}}
[debug] [2020-07-18T14:49:06.031Z] [runtime-status] [17636] Disabled runtime features: undefined {"metadata":{"emulator":{"name":"functions"},"message":"[runtime-status] [17636] Disabled runtime features: undefined"}}
[debug] [2020-07-18T14:49:06.035Z] [runtime-status] [17636] Resolved module firebase-admin {"declared":true,"installed":true,"version":"8.13.0","resolution":"C:\\Data\\SetHacksMobile\\functions\\node_modules\\firebase-admin\\lib\\index.js"} {"metadata":{"emulator":{"name":"functions"},"message":"[runtime-status] [17636] Resolved module firebase-admin {\"declared\":true,\"installed\":true,\"version\":\"8.13.0\",\"resolution\":\"C:\\\\Data\\\\SetHacksMobile\\\\functions\\\\node_modules\\\\firebase-admin\\\\lib\\\\index.js\"}"}}
[debug] [2020-07-18T14:49:06.038Z] [runtime-status] [17636] Resolved module firebase-functions {"declared":true,"installed":true,"version":"3.8.0","resolution":"C:\\Data\\SetHacksMobile\\functions\\node_modules\\firebase-functions\\lib\\index.js"} {"metadata":{"emulator":{"name":"functions"},"message":"[runtime-status] [17636] Resolved module firebase-functions {\"declared\":true,\"installed\":true,\"version\":\"3.8.0\",\"resolution\":\"C:\\\\Data\\\\SetHacksMobile\\\\functions\\\\node_modules\\\\firebase-functions\\\\lib\\\\index.js\"}"}}
[debug] [2020-07-18T14:49:06.039Z] [runtime-status] [17636] Resolved module firebase-functions {"declared":true,"installed":true,"version":"3.8.0","resolution":"C:\\Data\\SetHacksMobile\\functions\\node_modules\\firebase-functions\\lib\\index.js"} {"metadata":{"emulator":{"name":"functions"},"message":"[runtime-status] [17636] Resolved module firebase-functions {\"declared\":true,\"installed\":true,\"version\":\"3.8.0\",\"resolution\":\"C:\\\\Data\\\\SetHacksMobile\\\\functions\\\\node_modules\\\\firebase-functions\\\\lib\\\\index.js\"}"}}
[debug] [2020-07-18T14:49:06.040Z] [runtime-status] [17636] Outgoing network have been stubbed. [{"name":"http","status":"mocked"},{"name":"http","status":"mocked"},{"name":"https","status":"mocked"},{"name":"https","status":"mocked"},{"name":"net","status":"mocked"}] {"metadata":{"emulator":{"name":"functions"},"message":"[runtime-status] [17636] Outgoing network have been stubbed. [{\"name\":\"http\",\"status\":\"mocked\"},{\"name\":\"http\",\"status\":\"mocked\"},{\"name\":\"https\",\"status\":\"mocked\"},{\"name\":\"https\",\"status\":\"mocked\"},{\"name\":\"net\",\"status\":\"mocked\"}]"}}
[debug] [2020-07-18T14:49:06.041Z] [runtime-status] [17636] Resolved module firebase-functions {"declared":true,"installed":true,"version":"3.8.0","resolution":"C:\\Data\\SetHacksMobile\\functions\\node_modules\\firebase-functions\\lib\\index.js"} {"metadata":{"emulator":{"name":"functions"},"message":"[runtime-status] [17636] Resolved module firebase-functions {\"declared\":true,\"installed\":true,\"version\":\"3.8.0\",\"resolution\":\"C:\\\\Data\\\\SetHacksMobile\\\\functions\\\\node_modules\\\\firebase-functions\\\\lib\\\\index.js\"}"}}
[debug] [2020-07-18T14:49:06.080Z] [runtime-status] [17636] Checked functions.config() {"config":{}} {"metadata":{"emulator":{"name":"functions"},"message":"[runtime-status] [17636] Checked functions.config() {\"config\":{}}"}}
[debug] [2020-07-18T14:49:06.080Z] [runtime-status] [17636] firebase-functions has been stubbed. {"functionsResolution":{"declared":true,"installed":true,"version":"3.8.0","resolution":"C:\\Data\\SetHacksMobile\\functions\\node_modules\\firebase-functions\\lib\\index.js"}} {"metadata":{"emulator":{"name":"functions"},"message":"[runtime-status] [17636] firebase-functions has been stubbed. {\"functionsResolution\":{\"declared\":true,\"installed\":true,\"version\":\"3.8.0\",\"resolution\":\"C:\\\\Data\\\\SetHacksMobile\\\\functions\\\\node_modules\\\\firebase-functions\\\\lib\\\\index.js\"}}"}}
[debug] [2020-07-18T14:49:06.080Z] [runtime-status] [17636] Resolved module firebase-functions {"declared":true,"installed":true,"version":"3.8.0","resolution":"C:\\Data\\SetHacksMobile\\functions\\node_modules\\firebase-functions\\lib\\index.js"} {"metadata":{"emulator":{"name":"functions"},"message":"[runtime-status] [17636] Resolved module firebase-functions {\"declared\":true,\"installed\":true,\"version\":\"3.8.0\",\"resolution\":\"C:\\\\Data\\\\SetHacksMobile\\\\functions\\\\node_modules\\\\firebase-functions\\\\lib\\\\index.js\"}"}}
[debug] [2020-07-18T14:49:06.081Z] [runtime-status] [17636] Resolved module firebase-admin {"declared":true,"installed":true,"version":"8.13.0","resolution":"C:\\Data\\SetHacksMobile\\functions\\node_modules\\firebase-admin\\lib\\index.js"} {"metadata":{"emulator":{"name":"functions"},"message":"[runtime-status] [17636] Resolved module firebase-admin {\"declared\":true,\"installed\":true,\"version\":\"8.13.0\",\"resolution\":\"C:\\\\Data\\\\SetHacksMobile\\\\functions\\\\node_modules\\\\firebase-admin\\\\lib\\\\index.js\"}"}}
[debug] [2020-07-18T14:49:06.082Z] [runtime-status] [17636] Resolved module firebase-functions {"declared":true,"installed":true,"version":"3.8.0","resolution":"C:\\Data\\SetHacksMobile\\functions\\node_modules\\firebase-functions\\lib\\index.js"} {"metadata":{"emulator":{"name":"functions"},"message":"[runtime-status] [17636] Resolved module firebase-functions {\"declared\":true,\"installed\":true,\"version\":\"3.8.0\",\"resolution\":\"C:\\\\Data\\\\SetHacksMobile\\\\functions\\\\node_modules\\\\firebase-functions\\\\lib\\\\index.js\"}"}}
[debug] [2020-07-18T14:49:06.082Z] [runtime-status] [17636] firebase-admin has been stubbed. {"adminResolution":{"declared":true,"installed":true,"version":"8.13.0","resolution":"C:\\Data\\SetHacksMobile\\functions\\node_modules\\firebase-admin\\lib\\index.js"}} {"metadata":{"emulator":{"name":"functions"},"message":"[runtime-status] [17636] firebase-admin has been stubbed. {\"adminResolution\":{\"declared\":true,\"installed\":true,\"version\":\"8.13.0\",\"resolution\":\"C:\\\\Data\\\\SetHacksMobile\\\\functions\\\\node_modules\\\\firebase-admin\\\\lib\\\\index.js\"}}"}}
[warn] !  Error: Cannot find module 'C:\Data\SetHacksMobile\functions\lib\index.js'. Please verify that the package.json has a valid "main" entry
    at tryPackage (internal/modules/cjs/loader.js:323:19)
    at Function.Module._findPath (internal/modules/cjs/loader.js:681:18)
    at Function.Module._resolveFilename (internal/modules/cjs/loader.js:944:27)
    at Function.Module._load (internal/modules/cjs/loader.js:840:27)
    at Module.require (internal/modules/cjs/loader.js:1019:19)
    at require (internal/modules/cjs/helpers.js:77:18)
    at C:\Users\DrChe\AppData\Roaming\nvm\v12.16.3\node_modules\firebase-tools\lib\emulator\functionsEmulatorRuntime.js:671:33
    at Generator.next (<anonymous>)
    at fulfilled (C:\Users\DrChe\AppData\Roaming\nvm\v12.16.3\node_modules\firebase-tools\lib\emulator\functionsEmulatorRuntime.js:5:58)
    at processTicksAndRejections (internal/process/task_queues.js:97:5) {"metadata":{"emulator":{"name":"functions"},"message":"Error: Cannot find module 'C:\\Data\\SetHacksMobile\\functions\\lib\\index.js'. Please verify that the package.json has a valid \"main\" entry\n    at tryPackage (internal/modules/cjs/loader.js:323:19)\n    at Function.Module._findPath (internal/modules/cjs/loader.js:681:18)\n    at Function.Module._resolveFilename (internal/modules/cjs/loader.js:944:27)\n    at Function.Module._load (internal/modules/cjs/loader.js:840:27)\n    at Module.require (internal/modules/cjs/loader.js:1019:19)\n    at require (internal/modules/cjs/helpers.js:77:18)\n    at C:\\Users\\DrChe\\AppData\\Roaming\\nvm\\v12.16.3\\node_modules\\firebase-tools\\lib\\emulator\\functionsEmulatorRuntime.js:671:33\n    at Generator.next (<anonymous>)\n    at fulfilled (C:\\Users\\DrChe\\AppData\\Roaming\\nvm\\v12.16.3\\node_modules\\firebase-tools\\lib\\emulator\\functionsEmulatorRuntime.js:5:58)\n    at processTicksAndRejections (internal/process/task_queues.js:97:5)"}}
[warn] !  We were unable to load your functions code. (see above)
   - It appears your code is written in Typescript, which must be compiled before emulation.
   - You may be able to run "npm run build" in your functions directory to resolve this. {"metadata":{"emulator":{"name":"functions"}}}
[debug] [2020-07-18T14:49:06.104Z] [worker-~diagnostic~-b1cc21e7-2706-4335-ab85-a0368dccaf1a]: exited {"metadata":{"emulator":{"name":"functions"},"message":"[worker-~diagnostic~-b1cc21e7-2706-4335-ab85-a0368dccaf1a]: exited"}}
[debug] [2020-07-18T14:49:06.104Z] [worker-~diagnostic~-b1cc21e7-2706-4335-ab85-a0368dccaf1a]: FINISHED {"metadata":{"emulator":{"name":"functions"},"message":"[worker-~diagnostic~-b1cc21e7-2706-4335-ab85-a0368dccaf1a]: FINISHED"}}
